<?xml version="1.0" encoding="UTF-8"?>
<testng-results skipped="0" failed="0" total="1" passed="1">
  <reporter-output>
  </reporter-output>
  <suite name="Default suite" duration-ms="5001" started-at="2019-10-16T11:22:29Z" finished-at="2019-10-16T11:22:34Z">
    <groups>
    </groups>
    <test name="Default test" duration-ms="5001" started-at="2019-10-16T11:22:29Z" finished-at="2019-10-16T11:22:34Z">
      <class name="project_tweet.Second_tweet">
        <test-method status="PASS" signature="searchTweet()[pri:0, instance:project_tweet.Second_tweet@5abca1e0]" name="searchTweet" duration-ms="4929" started-at="2019-10-16T16:52:29Z" finished-at="2019-10-16T16:52:34Z">
          <reporter-output>
          </reporter-output>
        </test-method> <!-- searchTweet -->
      </class> <!-- project_tweet.Second_tweet -->
    </test> <!-- Default test -->
  </suite> <!-- Default suite -->
</testng-results>
